<?xml version="1.0" encoding="UTF-8"?>
<!-- Generated by org.testng.reporters.JUnitReportReporter -->
<testsuite hostname="User-PC" name="com.selenium.pom.testcases.ChangePasswordTest" tests="1" failures="0" timestamp="16 Apr 2017 06:32:52 GMT" time="25.560" errors="0">
  <testcase name="changePasswordTest" time="25.560" classname="com.selenium.pom.testcases.ChangePasswordTest"/>
</testsuite> <!-- com.selenium.pom.testcases.ChangePasswordTest -->
