<?xml version="1.0" encoding="UTF-8"?>
<!-- Generated by org.testng.reporters.JUnitReportReporter -->
<testsuite hostname="User-PC" name="com.selenium.pom.testcases.LoginTest" tests="2" failures="0" timestamp="16 Apr 2017 06:32:52 GMT" time="50.477" errors="0">
  <testcase name="testLogin" time="27.635" classname="com.selenium.pom.testcases.LoginTest"/>
  <testcase name="testLogin" time="22.842" classname="com.selenium.pom.testcases.LoginTest"/>
</testsuite> <!-- com.selenium.pom.testcases.LoginTest -->
