<?xml version="1.0" encoding="UTF-8"?>
<!-- Generated by org.testng.reporters.JUnitReportReporter -->
<testsuite skipped="0" hostname="User-PC" name="TestA" tests="3" failures="0" timestamp="04 Apr 2017 13:44:00 GMT" time="0.009" errors="0">
  <testcase name="testA" time="0.001" classname="TestA"/>
  <testcase name="testA" time="0.000" classname="TestA"/>
  <testcase name="testA" time="0.008" classname="TestA"/>
</testsuite> <!-- TestA -->
